<?xml version="1.0" encoding="UTF-8"?>
<testsuite name="GettingStartedKtTest" tests="1" skipped="0" failures="0" errors="0" timestamp="2022-12-07T00:32:48" hostname="Obed-MacBook-Pro2017.local" time="0.039">
  <properties/>
  <testcase name="add_integers()" classname="GettingStartedKtTest" time="0.039"/>
  <system-out><![CDATA[]]></system-out>
  <system-err><![CDATA[]]></system-err>
</testsuite>
